# JRE version: Java(TM) SE Runtime Environment (22.0.2+9) (build 22.0.2+9-70)
# Java VM: Java HotSpot(TM) 64-Bit Server VM (22.0.2+9-70, mixed mode, sharing, tiered, compressed oops, compressed class ptrs, g1 gc, windows-amd64)
GC Precious Log:
 CardTable entry size: 512
 Card Set container configuration: InlinePtr #cards 4 size 8 Array Of Cards #cards 16 size 48 Howl #buckets 8 coarsen threshold 3686 Howl Bitmap #cards 512 size 80 coarsen threshold 460 Card regions per heap region 1 cards per card region 4096
 CPUs: 12 total, 12 available
 Memory: 16083M
 Large Page Support: Disabled
 NUMA Support: Disabled
 Compressed Oops: Enabled (Zero based)
 Heap Region Size: 2M
 Heap Min Capacity: 8M
 Heap Initial Capacity: 252M
 Heap Max Capacity: 4022M
 Pre-touch: Disabled
 Parallel Workers: 10
 Concurrent Workers: 3
 Concurrent Refinement Workers: 10
 Periodic GC: Disabled
Heap:
 garbage-first heap   total reserved 4118528K, committed 258048K, used 1915K [0x0000000704a00000, 0x0000000800000000)
  region size 2048K, 1 young (2048K), 1 survivors (2048K)
 Metaspace       used 2519K, committed 2688K, reserved 1114112K
  class space    used 274K, committed 384K, reserved 1048576K
GC Heap History (20 events):
Event: 223.530 GC heap after
{Heap after GC invocations=395 (full 0):
 garbage-first heap   total reserved 4118528K, committed 258048K, used 1915K [0x0000000704a00000, 0x0000000800000000)
  region size 2048K, 1 young (2048K), 1 survivors (2048K)
 Metaspace       used 2519K, committed 2688K, reserved 1114112K
  class space    used 274K, committed 384K, reserved 1048576K
}
Event: 224.625 GC heap before
{Heap before GC invocations=395 (full 0):
 garbage-first heap   total reserved 4118528K, committed 258048K, used 153467K [0x0000000704a00000, 0x0000000800000000)
  region size 2048K, 75 young (153600K), 1 survivors (2048K)
 Metaspace       used 2519K, committed 2688K, reserved 1114112K
  class space    used 274K, committed 384K, reserved 1048576K
}
Event: 224.627 GC heap after
{Heap after GC invocations=396 (full 0):
 garbage-first heap   total reserved 4118528K, committed 258048K, used 1919K [0x0000000704a00000, 0x0000000800000000)
  region size 2048K, 1 young (2048K), 1 survivors (2048K)
 Metaspace       used 2519K, committed 2688K, reserved 1114112K
  class space    used 274K, committed 384K, reserved 1048576K
}
Event: 226.774 GC heap before
{Heap before GC invocations=396 (full 0):
 garbage-first heap   total reserved 4118528K, committed 258048K, used 153471K [0x0000000704a00000, 0x0000000800000000)
  region size 2048K, 75 young (153600K), 1 survivors (2048K)
 Metaspace       used 2519K, committed 2688K, reserved 1114112K
  class space    used 274K, committed 384K, reserved 1048576K
}
Event: 227.009 GC heap after
{Heap after GC invocations=397 (full 0):
 garbage-first heap   total reserved 4118528K, committed 258048K, used 1926K [0x0000000704a00000, 0x0000000800000000)
  region size 2048K, 1 young (2048K), 1 survivors (2048K)
 Metaspace       used 2519K, committed 2688K, reserved 1114112K
  class space    used 274K, committed 384K, reserved 1048576K
}
Event: 227.818 GC heap before
{Heap before GC invocations=397 (full 0):
 garbage-first heap   total reserved 4118528K, committed 258048K, used 153478K [0x0000000704a00000, 0x0000000800000000)
  region size 2048K, 75 young (153600K), 1 survivors (2048K)
 Metaspace       used 2519K, committed 2688K, reserved 1114112K
  class space    used 274K, committed 384K, reserved 1048576K
}
Event: 227.819 GC heap after
{Heap after GC invocations=398 (full 0):
 garbage-first heap   total reserved 4118528K, committed 258048K, used 1917K [0x0000000704a00000, 0x0000000800000000)
  region size 2048K, 1 young (2048K), 1 survivors (2048K)
 Metaspace       used 2519K, committed 2688K, reserved 1114112K
  class space    used 274K, committed 384K, reserved 1048576K
}
Event: 228.794 GC heap before
{Heap before GC invocations=398 (full 0):
 garbage-first heap   total reserved 4118528K, committed 258048K, used 153469K [0x0000000704a00000, 0x0000000800000000)
  region size 2048K, 75 young (153600K), 1 survivors (2048K)
 Metaspace       used 2519K, committed 2688K, reserved 1114112K
  class space    used 274K, committed 384K, reserved 1048576K
}
Event: 228.795 GC heap after
{Heap after GC invocations=399 (full 0):
 garbage-first heap   total reserved 4118528K, committed 258048K, used 1921K [0x0000000704a00000, 0x0000000800000000)
  region size 2048K, 1 young (2048K), 1 survivors (2048K)
 Metaspace       used 2519K, committed 2688K, reserved 1114112K
  class space    used 274K, committed 384K, reserved 1048576K
}
Event: 232.443 GC heap before
{Heap before GC invocations=399 (full 0):
 garbage-first heap   total reserved 4118528K, committed 258048K, used 153473K [0x0000000704a00000, 0x0000000800000000)
  region size 2048K, 75 young (153600K), 1 survivors (2048K)
 Metaspace       used 2519K, committed 2688K, reserved 1114112K
  class space    used 274K, committed 384K, reserved 1048576K
}
Event: 232.619 GC heap after
{Heap after GC invocations=400 (full 0):
 garbage-first heap   total reserved 4118528K, committed 258048K, used 1928K [0x0000000704a00000, 0x0000000800000000)
  region size 2048K, 1 young (2048K), 1 survivors (2048K)
 Metaspace       used 2519K, committed 2688K, reserved 1114112K
  class space    used 274K, committed 384K, reserved 1048576K
}
Event: 237.071 GC heap before
{Heap before GC invocations=400 (full 0):
 garbage-first heap   total reserved 4118528K, committed 258048K, used 153480K [0x0000000704a00000, 0x0000000800000000)
  region size 2048K, 75 young (153600K), 1 survivors (2048K)
 Metaspace       used 2519K, committed 2688K, reserved 1114112K
  class space    used 274K, committed 384K, reserved 1048576K
}
Event: 237.072 GC heap after
{Heap after GC invocations=401 (full 0):
 garbage-first heap   total reserved 4118528K, committed 258048K, used 1917K [0x0000000704a00000, 0x0000000800000000)
  region size 2048K, 1 young (2048K), 1 survivors (2048K)
 Metaspace       used 2519K, committed 2688K, reserved 1114112K
  class space    used 274K, committed 384K, reserved 1048576K
}
Event: 239.907 GC heap before
{Heap before GC invocations=401 (full 0):
 garbage-first heap   total reserved 4118528K, committed 258048K, used 153469K [0x0000000704a00000, 0x0000000800000000)
  region size 2048K, 75 young (153600K), 1 survivors (2048K)
 Metaspace       used 2519K, committed 2688K, reserved 1114112K
  class space    used 274K, committed 384K, reserved 1048576K
}
Event: 239.908 GC heap after
{Heap after GC invocations=402 (full 0):
 garbage-first heap   total reserved 4118528K, committed 258048K, used 1921K [0x0000000704a00000, 0x0000000800000000)
  region size 2048K, 1 young (2048K), 1 survivors (2048K)
 Metaspace       used 2519K, committed 2688K, reserved 1114112K
  class space    used 274K, committed 384K, reserved 1048576K
}
Event: 241.024 GC heap before
{Heap before GC invocations=402 (full 0):
 garbage-first heap   total reserved 4118528K, committed 258048K, used 153473K [0x0000000704a00000, 0x0000000800000000)
  region size 2048K, 75 young (153600K), 1 survivors (2048K)
 Metaspace       used 2519K, committed 2688K, reserved 1114112K
  class space    used 274K, committed 384K, reserved 1048576K
}
Event: 243.101 GC heap after
{Heap after GC invocations=403 (full 0):
 garbage-first heap   total reserved 4118528K, committed 258048K, used 1922K [0x0000000704a00000, 0x0000000800000000)
  region size 2048K, 1 young (2048K), 1 survivors (2048K)
 Metaspace       used 2519K, committed 2688K, reserved 1114112K
  class space    used 274K, committed 384K, reserved 1048576K
}
Event: 244.240 GC heap before
{Heap before GC invocations=403 (full 0):
 garbage-first heap   total reserved 4118528K, committed 258048K, used 153474K [0x0000000704a00000, 0x0000000800000000)
  region size 2048K, 75 young (153600K), 1 survivors (2048K)
 Metaspace       used 2519K, committed 2688K, reserved 1114112K
  class space    used 274K, committed 384K, reserved 1048576K
}
Event: 244.267 GC heap after
{Heap after GC invocations=404 (full 0):
 garbage-first heap   total reserved 4118528K, committed 258048K, used 1915K [0x0000000704a00000, 0x0000000800000000)
  region size 2048K, 1 young (2048K), 1 survivors (2048K)
 Metaspace       used 2519K, committed 2688K, reserved 1114112K
  class space    used 274K, committed 384K, reserved 1048576K
}
Event: 247.782 GC heap before
{Heap before GC invocations=404 (full 0):
 garbage-first heap   total reserved 4118528K, committed 258048K, used 153467K [0x0000000704a00000, 0x0000000800000000)
  region size 2048K, 75 young (153600K), 1 survivors (2048K)
 Metaspace       used 2519K, committed 2688K, reserved 1114112K
  class space    used 274K, committed 384K, reserved 1048576K
}

