<?xml version="1.0" encoding="UTF-8"?>
<testsuite xmlns:xsi="http://www.w3.org/2001/XMLSchema-instance" xsi:noNamespaceSchemaLocation="https://maven.apache.org/surefire/maven-surefire-plugin/xsd/surefire-test-report-3.0.xsd" version="3.0" name="com.localci.trigger.TriggerTest" time="0.006" tests="6" errors="0" skipped="0" failures="0">
  <properties>
[...]
</properties>
  <testcase name="parsesEveryHour" classname="com.localci.trigger.TriggerTest" time="0.001"/>
  <testcase name="parsesEveryDay" classname="com.localci.trigger.TriggerTest" time="0.001"/>
  <testcase name="handlesMalformedCron" classname="com.localci.trigger.TriggerTest" time="0.0"/>
  <testcase name="handlesNullAndBlank" classname="com.localci.trigger.TriggerTest" time="0.001"/>
  <testcase name="defaultsToOneHourForComplexExpressions" classname="com.localci.trigger.TriggerTest" time="0.0"/>
  <testcase name="parsesEveryNMinutes" classname="com.localci.trigger.TriggerTest" time="0.001"/>
</testsuite>